This is pdfTeX, Version 3.141592653-2.6-1.40.26 (MiKTeX 24.4) (preloaded format=pdflatex 2024.12.30)  5 JAN 2025 13:43
entering extended mode
 restricted \write18 enabled.
 %&-line parsing enabled.
**./Tarea_1_Grupo_5.tex
(Tarea_1_Grupo_5.tex
LaTeX2e <2024-11-01> patch level 1
L3 programming layer <2024-11-02>
(C:\Users\USER\AppData\Local\Programs\MiKTeX\tex/latex/base\article.cls
Document Class: article 2024/06/29 v1.4n Standard LaTeX document class
(C:\Users\USER\AppData\Local\Programs\MiKTeX\tex/latex/base\size10.clo
File: size10.clo 2024/06/29 v1.4n Standard LaTeX file (size option)
)
\c@part=\count196
\c@section=\count197
\c@subsection=\count198
\c@subsubsection=\count199
\c@paragraph=\count266
\c@subparagraph=\count267
\c@figure=\count268
\c@table=\count269
\abovecaptionskip=\skip49
\belowcaptionskip=\skip50
\bibindent=\dimen141
)
(C:\Users\USER\AppData\Local\Programs\MiKTeX\tex/generic/babel\babel.sty
Package: babel 2024/11/30 v24.14 The multilingual framework for pdfLaTeX, LuaLa
TeX and XeLaTeX
\babel@savecnt=\count270
\U@D=\dimen142
\l@unhyphenated=\language79

(C:\Users\USER\AppData\Local\Programs\MiKTeX\tex/generic/babel\txtbabel.def)
\bbl@readstream=\read2
\bbl@dirlevel=\count271

*************************************
* Local config file bblopts.cfg used
*
(C:\Users\USER\AppData\Local\Programs\MiKTeX\tex/latex/arabi\bblopts.cfg
File: bblopts.cfg 2005/09/08 v0.1 add Arabic and Farsi to "declared" options of
 babel
)
(C:\Users\USER\AppData\Local\Programs\MiKTeX\tex/latex/babel-spanish\spanish.ld
f
Language: spanish.ldf 2021/05/27 v5.0q Spanish support from the babel system
\es@quottoks=\toks17
\es@quotdepth=\count272
Package babel Info: Making " an active character on input line 570.
Package babel Info: Making . an active character on input line 675.
Package babel Info: Making < an active character on input line 722.
Package babel Info: Making > an active character on input line 722.
))
(C:\Users\USER\AppData\Local\Programs\MiKTeX\tex/generic/babel/locale/es\babel-
spanish.tex
Package babel Info: Importing font and identification data for spanish
(babel)             from babel-es.ini. Reported on input line 11.
)
(C:\Users\USER\AppData\Local\Programs\MiKTeX\tex/latex/graphics\graphicx.sty
Package: graphicx 2021/09/16 v1.2d Enhanced LaTeX Graphics (DPC,SPQR)

(C:\Users\USER\AppData\Local\Programs\MiKTeX\tex/latex/graphics\keyval.sty
Package: keyval 2022/05/29 v1.15 key=value parser (DPC)
\KV@toks@=\toks18
)
(C:\Users\USER\AppData\Local\Programs\MiKTeX\tex/latex/graphics\graphics.sty
Package: graphics 2024/08/06 v1.4g Standard LaTeX Graphics (DPC,SPQR)

(C:\Users\USER\AppData\Local\Programs\MiKTeX\tex/latex/graphics\trig.sty
Package: trig 2023/12/02 v1.11 sin cos tan (DPC)
)
(C:\Users\USER\AppData\Local\Programs\MiKTeX\tex/latex/graphics-cfg\graphics.cf
g
File: graphics.cfg 2016/06/04 v1.11 sample graphics configuration
)
Package graphics Info: Driver file: pdftex.def on input line 106.

(C:\Users\USER\AppData\Local\Programs\MiKTeX\tex/latex/graphics-def\pdftex.def
File: pdftex.def 2024/04/13 v1.2c Graphics/color driver for pdftex
))
\Gin@req@height=\dimen143
\Gin@req@width=\dimen144
) (C:\Users\USER\AppData\Local\Programs\MiKTeX\tex/latex/float\float.sty
Package: float 2001/11/08 v1.3d Float enhancements (AL)
\c@float@type=\count273
\float@exts=\toks19
\float@box=\box52
\@float@everytoks=\toks20
\@floatcapt=\box53
)
(C:\Users\USER\AppData\Local\Programs\MiKTeX\tex/latex/standalone\standalone.st
y
Package: standalone 2022/10/10 v1.3b Package to include TeX sub-files with prea
mbles
 (C:\Users\USER\AppData\Local\Programs\MiKTeX\tex/latex/tools\shellesc.sty
Package: shellesc 2023/07/08 v1.0d unified shell escape interface for LaTeX
Package shellesc Info: Restricted shell escape enabled on input line 77.
)
(C:\Users\USER\AppData\Local\Programs\MiKTeX\tex/generic/iftex\ifluatex.sty
Package: ifluatex 2019/10/25 v1.5 ifluatex legacy package. Use iftex instead.

(C:\Users\USER\AppData\Local\Programs\MiKTeX\tex/generic/iftex\iftex.sty
Package: iftex 2024/12/12 v1.0g TeX engine tests
))
(C:\Users\USER\AppData\Local\Programs\MiKTeX\tex/latex/xkeyval\xkeyval.sty
Package: xkeyval 2022/06/16 v2.9 package option processing (HA)

(C:\Users\USER\AppData\Local\Programs\MiKTeX\tex/generic/xkeyval\xkeyval.tex
(C:\Users\USER\AppData\Local\Programs\MiKTeX\tex/generic/xkeyval\xkvutils.tex
\XKV@toks=\toks21
\XKV@tempa@toks=\toks22
)
\XKV@depth=\count274
File: xkeyval.tex 2014/12/03 v2.7a key=value parser (HA)
)) (C:\Users\USER\AppData\Local\Programs\MiKTeX\tex/latex/currfile\currfile.sty
Package: currfile 2024/03/14 v1.0 Provides the file path elements of the curren
t input file

(C:\Users\USER\AppData\Local\Programs\MiKTeX\tex/latex/kvoptions\kvoptions.sty
Package: kvoptions 2022-06-15 v3.15 Key value format for package options (HO)

(C:\Users\USER\AppData\Local\Programs\MiKTeX\tex/generic/ltxcmds\ltxcmds.sty
Package: ltxcmds 2023-12-04 v1.26 LaTeX kernel commands for general use (HO)
)
(C:\Users\USER\AppData\Local\Programs\MiKTeX\tex/latex/kvsetkeys\kvsetkeys.sty
Package: kvsetkeys 2022-10-05 v1.19 Key value parser (HO)
)) (C:\Users\USER\AppData\Local\Programs\MiKTeX\tex/latex/filehook\filehook.sty
Package: filehook 2022/10/25 v0.8b Hooks for input files

(C:\Users\USER\AppData\Local\Programs\MiKTeX\tex/latex/filehook\filehook-2020.s
ty
Package: filehook-2020 2022/10/25 v0.8b Hooks for input files
))
\c@currfiledepth=\count275
)
(C:\Users\USER\AppData\Local\Programs\MiKTeX\tex/latex/gincltex\gincltex.sty
(C:\Users\USER\AppData\Local\Programs\MiKTeX\tex/latex/svn-prov\svn-prov.sty
Package: svn-prov 2010/04/24 v3.1862 Package Date/Version from SVN Keywords
)
Package: gincltex 2011/09/04 v0.3 Include external LaTeX files like graphics

(C:\Users\USER\AppData\Local\Programs\MiKTeX\tex/latex/adjustbox\adjustbox.sty
Package: adjustbox 2022/10/17 v1.3a Adjusting TeX boxes (trim, clip, ...)

(C:\Users\USER\AppData\Local\Programs\MiKTeX\tex/latex/adjustbox\adjcalc.sty
Package: adjcalc 2012/05/16 v1.1 Provides advanced setlength with multiple back
-ends (calc, etex, pgfmath)
)
(C:\Users\USER\AppData\Local\Programs\MiKTeX\tex/latex/adjustbox\trimclip.sty
Package: trimclip 2020/08/19 v1.2 Trim and clip general TeX material

(C:\Users\USER\AppData\Local\Programs\MiKTeX\tex/latex/collectbox\collectbox.st
y
Package: collectbox 2022/10/17 v0.4c Collect macro arguments as boxes
\collectedbox=\box54
)
\tc@llx=\dimen145
\tc@lly=\dimen146
\tc@urx=\dimen147
\tc@ury=\dimen148
Package trimclip Info: Using driver 'tc-pdftex.def'.

(C:\Users\USER\AppData\Local\Programs\MiKTeX\tex/latex/adjustbox\tc-pdftex.def
File: tc-pdftex.def 2019/01/04 v2.2 Clipping driver for pdftex
))
\adjbox@Width=\dimen149
\adjbox@Height=\dimen150
\adjbox@Depth=\dimen151
\adjbox@Totalheight=\dimen152
\adjbox@pwidth=\dimen153
\adjbox@pheight=\dimen154
\adjbox@pdepth=\dimen155
\adjbox@ptotalheight=\dimen156

(C:\Users\USER\AppData\Local\Programs\MiKTeX\tex/latex/ifoddpage\ifoddpage.sty
Package: ifoddpage 2022/10/18 v1.2 Conditionals for odd/even page detection
\c@checkoddpage=\count276
) (C:\Users\USER\AppData\Local\Programs\MiKTeX\tex/latex/varwidth\varwidth.sty
Package: varwidth 2009/03/30 ver 0.92;  Variable-width minipages
\@vwid@box=\box55
\sift@deathcycles=\count277
\@vwid@loff=\dimen157
\@vwid@roff=\dimen158
))
\gincltex@box=\box56
)
(C:\Users\USER\AppData\Local\Programs\MiKTeX\tex/latex/filemod\filemod-expmin.s
ty
Package: filemod-expmin 2011/09/19 v1.2 Get and compare file modification times
 (expandable; minimal)
)) (C:\Users\USER\AppData\Local\Programs\MiKTeX\tex/latex/tools\longtable.sty
Package: longtable 2024-10-27 v4.22 Multi-page Table package (DPC)
\LTleft=\skip51
\LTright=\skip52
\LTpre=\skip53
\LTpost=\skip54
\LTchunksize=\count278
\LTcapwidth=\dimen159
\LT@head=\box57
\LT@firsthead=\box58
\LT@foot=\box59
\LT@lastfoot=\box60
\LT@gbox=\box61
\LT@cols=\count279
\LT@rows=\count280
\c@LT@tables=\count281
\c@LT@chunks=\count282
\LT@p@ftn=\toks23
) (C:\Users\USER\AppData\Local\Programs\MiKTeX\tex/latex/booktabs\booktabs.sty
Package: booktabs 2020/01/12 v1.61803398 Publication quality tables
\heavyrulewidth=\dimen160
\lightrulewidth=\dimen161
\cmidrulewidth=\dimen162
\belowrulesep=\dimen163
\belowbottomsep=\dimen164
\aboverulesep=\dimen165
\abovetopsep=\dimen166
\cmidrulesep=\dimen167
\cmidrulekern=\dimen168
\defaultaddspace=\dimen169
\@cmidla=\count283
\@cmidlb=\count284
\@aboverulesep=\dimen170
\@belowrulesep=\dimen171
\@thisruleclass=\count285
\@lastruleclass=\count286
\@thisrulewidth=\dimen172
) (C:\Users\USER\AppData\Local\Programs\MiKTeX\tex/latex/graphics\rotating.sty
Package: rotating 2016/08/11 v2.16d rotated objects in LaTeX

(C:\Users\USER\AppData\Local\Programs\MiKTeX\tex/latex/base\ifthen.sty
Package: ifthen 2024/03/16 v1.1e Standard LaTeX ifthen package (DPC)
)
\c@r@tfl@t=\count287
\rotFPtop=\skip55
\rotFPbot=\skip56
\rot@float@box=\box62
\rot@mess@toks=\toks24
)
(C:\Users\USER\AppData\Local\Programs\MiKTeX\tex/latex/fontawesome\fontawesome.
sty
Package: fontawesome 2016/05/15 v4.6.3.1 font awesome icons
 (C:\Users\USER\AppData\Local\Programs\MiKTeX\tex/generic/iftex\ifxetex.sty
Package: ifxetex 2019/10/25 v0.7 ifxetex legacy package. Use iftex instead.
)
(C:\Users\USER\AppData\Local\Programs\MiKTeX\tex/latex/fontawesome\fontawesomes
ymbols-generic.tex)
(C:\Users\USER\AppData\Local\Programs\MiKTeX\tex/latex/fontawesome\fontawesomes
ymbols-pdftex.tex))
(C:\Users\USER\AppData\Local\Programs\MiKTeX\tex/latex/amsmath\amsmath.sty
Package: amsmath 2024/11/05 v2.17t AMS math features
\@mathmargin=\skip57

For additional information on amsmath, use the `?' option.
(C:\Users\USER\AppData\Local\Programs\MiKTeX\tex/latex/amsmath\amstext.sty
Package: amstext 2021/08/26 v2.01 AMS text

(C:\Users\USER\AppData\Local\Programs\MiKTeX\tex/latex/amsmath\amsgen.sty
File: amsgen.sty 1999/11/30 v2.0 generic functions
\@emptytoks=\toks25
\ex@=\dimen173
))
(C:\Users\USER\AppData\Local\Programs\MiKTeX\tex/latex/amsmath\amsbsy.sty
Package: amsbsy 1999/11/29 v1.2d Bold Symbols
\pmbraise@=\dimen174
)
(C:\Users\USER\AppData\Local\Programs\MiKTeX\tex/latex/amsmath\amsopn.sty
Package: amsopn 2022/04/08 v2.04 operator names
)
\inf@bad=\count288
LaTeX Info: Redefining \frac on input line 233.
\uproot@=\count289
\leftroot@=\count290
LaTeX Info: Redefining \overline on input line 398.
LaTeX Info: Redefining \colon on input line 409.
\classnum@=\count291
\DOTSCASE@=\count292
LaTeX Info: Redefining \ldots on input line 495.
LaTeX Info: Redefining \dots on input line 498.
LaTeX Info: Redefining \cdots on input line 619.
\Mathstrutbox@=\box63
\strutbox@=\box64
LaTeX Info: Redefining \big on input line 721.
LaTeX Info: Redefining \Big on input line 722.
LaTeX Info: Redefining \bigg on input line 723.
LaTeX Info: Redefining \Bigg on input line 724.
\big@size=\dimen175
LaTeX Font Info:    Redeclaring font encoding OML on input line 742.
LaTeX Font Info:    Redeclaring font encoding OMS on input line 743.
\macc@depth=\count293
LaTeX Info: Redefining \bmod on input line 904.
LaTeX Info: Redefining \pmod on input line 909.
LaTeX Info: Redefining \smash on input line 939.
LaTeX Info: Redefining \relbar on input line 969.
LaTeX Info: Redefining \Relbar on input line 970.
\c@MaxMatrixCols=\count294
\dotsspace@=\muskip17
\c@parentequation=\count295
\dspbrk@lvl=\count296
\tag@help=\toks26
\row@=\count297
\column@=\count298
\maxfields@=\count299
\andhelp@=\toks27
\eqnshift@=\dimen176
\alignsep@=\dimen177
\tagshift@=\dimen178
\tagwidth@=\dimen179
\totwidth@=\dimen180
\lineht@=\dimen181
\@envbody=\toks28
\multlinegap=\skip58
\multlinetaggap=\skip59
\mathdisplay@stack=\toks29
LaTeX Info: Redefining \[ on input line 2953.
LaTeX Info: Redefining \] on input line 2954.
)
(C:\Users\USER\AppData\Local\Programs\MiKTeX\tex/latex/enumitem\enumitem.sty
Package: enumitem 2019/06/20 v3.9 Customized lists
\labelindent=\skip60
\enit@outerparindent=\dimen182
\enit@toks=\toks30
\enit@inbox=\box65
\enit@count@id=\count300
\enitdp@description=\count301
)
(C:\Users\USER\AppData\Local\Programs\MiKTeX\tex/latex/geometry\geometry.sty
Package: geometry 2020/01/02 v5.9 Page Geometry

(C:\Users\USER\AppData\Local\Programs\MiKTeX\tex/generic/iftex\ifvtex.sty
Package: ifvtex 2019/10/25 v1.7 ifvtex legacy package. Use iftex instead.
)
\Gm@cnth=\count302
\Gm@cntv=\count303
\c@Gm@tempcnt=\count304
\Gm@bindingoffset=\dimen183
\Gm@wd@mp=\dimen184
\Gm@odd@mp=\dimen185
\Gm@even@mp=\dimen186
\Gm@layoutwidth=\dimen187
\Gm@layoutheight=\dimen188
\Gm@layouthoffset=\dimen189
\Gm@layoutvoffset=\dimen190
\Gm@dimlist=\toks31

(C:\Users\USER\AppData\Local\Programs\MiKTeX\tex/latex/geometry\geometry.cfg))
(C:\Users\USER\AppData\Local\Programs\MiKTeX\tex/latex/l3backend\l3backend-pdft
ex.def
File: l3backend-pdftex.def 2024-05-08 L3 backend support: PDF output (pdfTeX)
\l__color_backend_stack_int=\count305
\l__pdf_internal_box=\box66
) (Tarea_1_Grupo_5.aux
LaTeX Info: Redefining \. on input line 9.
LaTeX Info: Redefining \% on input line 9.
)
\openout1 = `Tarea_1_Grupo_5.aux'.

LaTeX Font Info:    Checking defaults for OML/cmm/m/it on input line 24.
LaTeX Font Info:    ... okay on input line 24.
LaTeX Font Info:    Checking defaults for OMS/cmsy/m/n on input line 24.
LaTeX Font Info:    ... okay on input line 24.
LaTeX Font Info:    Checking defaults for OT1/cmr/m/n on input line 24.
LaTeX Font Info:    ... okay on input line 24.
LaTeX Font Info:    Checking defaults for T1/cmr/m/n on input line 24.
LaTeX Font Info:    ... okay on input line 24.
LaTeX Font Info:    Checking defaults for TS1/cmr/m/n on input line 24.
LaTeX Font Info:    ... okay on input line 24.
LaTeX Font Info:    Checking defaults for OMX/cmex/m/n on input line 24.
LaTeX Font Info:    ... okay on input line 24.
LaTeX Font Info:    Checking defaults for U/cmr/m/n on input line 24.
LaTeX Font Info:    ... okay on input line 24.
LaTeX Info: Redefining \. on input line 24.
LaTeX Info: Redefining \% on input line 24.

(C:\Users\USER\AppData\Local\Programs\MiKTeX\tex/context/base/mkii\supp-pdf.mki
i
[Loading MPS to PDF converter (version 2006.09.02).]
\scratchcounter=\count306
\scratchdimen=\dimen191
\scratchbox=\box67
\nofMPsegments=\count307
\nofMParguments=\count308
\everyMPshowfont=\toks32
\MPscratchCnt=\count309
\MPscratchDim=\dimen192
\MPnumerator=\count310
\makeMPintoPDFobject=\count311
\everyMPtoPDFconversion=\toks33
)
(C:\Users\USER\AppData\Local\Programs\MiKTeX\tex/latex/epstopdf-pkg\epstopdf-ba
se.sty
Package: epstopdf-base 2020-01-24 v2.11 Base part for package epstopdf
Package epstopdf-base Info: Redefining graphics rule for `.eps' on input line 4
85.

(C:\Users\USER\AppData\Local\Programs\MiKTeX\tex/latex/00miktex\epstopdf-sys.cf
g
File: epstopdf-sys.cfg 2021/03/18 v2.0 Configuration of epstopdf for MiKTeX
))
*geometry* driver: auto-detecting
*geometry* detected driver: pdftex
*geometry* verbose mode - [ preamble ] result:
* driver: pdftex
* paper: letterpaper
* layout: <same size as paper>
* layoutoffset:(h,v)=(0.0pt,0.0pt)
* modes: 
* h-part:(L,W,R)=(92.14519pt, 430.00462pt, 92.14519pt)
* v-part:(T,H,B)=(95.39737pt, 556.47656pt, 143.09605pt)
* \paperwidth=614.295pt
* \paperheight=794.96999pt
* \textwidth=430.00462pt
* \textheight=556.47656pt
* \oddsidemargin=19.8752pt
* \evensidemargin=19.8752pt
* \topmargin=-13.87262pt
* \headheight=12.0pt
* \headsep=25.0pt
* \topskip=10.0pt
* \footskip=30.0pt
* \marginparwidth=65.0pt
* \marginparsep=11.0pt
* \columnsep=10.0pt
* \skip\footins=9.0pt plus 4.0pt minus 2.0pt
* \hoffset=0.0pt
* \voffset=0.0pt
* \mag=1000
* \@twocolumnfalse
* \@twosidefalse
* \@mparswitchfalse
* \@reversemarginfalse
* (1in=72.27pt=25.4mm, 1cm=28.453pt)

<C:/Users/USER/Documents/econometria/tarea1/plot//Pregunta_1/1_a.jpg, id=1, 651
.93562pt x 614.295pt>
File: C:/Users/USER/Documents/econometria/tarea1/plot//Pregunta_1/1_a.jpg Graph
ic file (type jpg)
<use C:/Users/USER/Documents/econometria/tarea1/plot//Pregunta_1/1_a.jpg>
Package pdftex.def Info: C:/Users/USER/Documents/econometria/tarea1/plot//Pregu
nta_1/1_a.jpg  used on input line 33.
(pdftex.def)             Requested size: 361.2023pt x 340.3566pt.
<C:/Users/USER/Documents/econometria/tarea1/plot//Pregunta_1/1_b.jpg, id=2, 643
.6547pt x 642.90187pt>
File: C:/Users/USER/Documents/econometria/tarea1/plot//Pregunta_1/1_b.jpg Graph
ic file (type jpg)
<use C:/Users/USER/Documents/econometria/tarea1/plot//Pregunta_1/1_b.jpg>
Package pdftex.def Info: C:/Users/USER/Documents/econometria/tarea1/plot//Pregu
nta_1/1_b.jpg  used on input line 37.
(pdftex.def)             Requested size: 361.2023pt x 360.78777pt.


[1

{C:/Users/USER/AppData/Local/MiKTeX/fonts/map/pdftex/pdftex.map} <C:/Users/USER
/Documents/econometria/tarea1/plot//Pregunta_1/1_a.jpg>]
<C:/Users/USER/Documents/econometria/tarea1/plot//Pregunta_2/2_a.jpg, id=13, 59
3.21625pt x 597.73312pt>
File: C:/Users/USER/Documents/econometria/tarea1/plot//Pregunta_2/2_a.jpg Graph
ic file (type jpg)
<use C:/Users/USER/Documents/econometria/tarea1/plot//Pregunta_2/2_a.jpg>
Package pdftex.def Info: C:/Users/USER/Documents/econometria/tarea1/plot//Pregu
nta_2/2_a.jpg  used on input line 62.
(pdftex.def)             Requested size: 243.00522pt x 244.85327pt.

Underfull \hbox (badness 10000) in paragraph at lines 45--63

 []


Underfull \hbox (badness 10000) in paragraph at lines 45--63

 []


Underfull \hbox (badness 10000) in paragraph at lines 45--63

 []



[2 <C:/Users/USER/Documents/econometria/tarea1/plot//Pregunta_1/1_b.jpg>]
<C:/Users/USER/Documents/econometria/tarea1/plot//Pregunta_2/2_b.jpg, id=22, 50
8.14844pt x 625.58719pt>
File: C:/Users/USER/Documents/econometria/tarea1/plot//Pregunta_2/2_b.jpg Graph
ic file (type jpg)
<use C:/Users/USER/Documents/econometria/tarea1/plot//Pregunta_2/2_b.jpg>
Package pdftex.def Info: C:/Users/USER/Documents/econometria/tarea1/plot//Pregu
nta_2/2_b.jpg  used on input line 78.
(pdftex.def)             Requested size: 243.00522pt x 299.16159pt.

Underfull \hbox (badness 10000) in paragraph at lines 63--79

 []


Underfull \hbox (badness 10000) in paragraph at lines 63--79

 []


Underfull \hbox (badness 10000) in paragraph at lines 63--79

 []


Underfull \hbox (badness 10000) in paragraph at lines 63--79

 []


Underfull \hbox (badness 10000) in paragraph at lines 63--79

 []



[3 <C:/Users/USER/Documents/econometria/tarea1/plot//Pregunta_2/2_a.jpg>]
Underfull \hbox (badness 10000) in paragraph at lines 88--92

 []


Underfull \hbox (badness 10000) in paragraph at lines 88--92

 []


Underfull \hbox (badness 10000) in paragraph at lines 88--92

 []


Underfull \hbox (badness 10000) in paragraph at lines 97--101

 []


Underfull \hbox (badness 10000) in paragraph at lines 97--101

 []


Underfull \hbox (badness 10000) in paragraph at lines 97--101

 []


Underfull \hbox (badness 10000) in paragraph at lines 97--101

 []


Underfull \hbox (badness 10000) in paragraph at lines 97--101

 []



[4 <C:/Users/USER/Documents/econometria/tarea1/plot//Pregunta_2/2_b.jpg>]
Underfull \hbox (badness 10000) in paragraph at lines 101--106

 []


Underfull \hbox (badness 10000) in paragraph at lines 101--106

 []


Underfull \hbox (badness 10000) in paragraph at lines 101--106

 []


Underfull \hbox (badness 10000) in paragraph at lines 101--106

 []


Underfull \hbox (badness 10000) in paragraph at lines 101--106

 []


Underfull \hbox (badness 10000) in paragraph at lines 101--106

 []


Underfull \hbox (badness 10000) in paragraph at lines 106--111

 []


Underfull \hbox (badness 10000) in paragraph at lines 106--111

 []


Underfull \hbox (badness 10000) in paragraph at lines 106--111

 []


Underfull \hbox (badness 10000) in paragraph at lines 106--111

 []


Underfull \hbox (badness 10000) in paragraph at lines 106--111

 []


Underfull \hbox (badness 10000) in paragraph at lines 106--111

 []


Underfull \hbox (badness 10000) in paragraph at lines 111--118

 []


Underfull \hbox (badness 10000) in paragraph at lines 111--118

 []


Underfull \hbox (badness 10000) in paragraph at lines 111--118

 []


Underfull \hbox (badness 10000) in paragraph at lines 111--118

 []


Underfull \hbox (badness 10000) in paragraph at lines 111--118

 []


Underfull \hbox (badness 10000) in paragraph at lines 111--118

 []

<C:/Users/USER/Documents/econometria/tarea1/plot//Pregunta_5/5_a.jpg, id=29, 57
2.1375pt x 261.22594pt>
File: C:/Users/USER/Documents/econometria/tarea1/plot//Pregunta_5/5_a.jpg Graph
ic file (type jpg)
<use C:/Users/USER/Documents/econometria/tarea1/plot//Pregunta_5/5_a.jpg>
Package pdftex.def Info: C:/Users/USER/Documents/econometria/tarea1/plot//Pregu
nta_5/5_a.jpg  used on input line 124.
(pdftex.def)             Requested size: 301.00192pt x 137.43265pt.


[5]
<C:/Users/USER/Documents/econometria/tarea1/plot//Pregunta_6/6_a_b.jpg, id=34, 
712.16063pt x 606.76688pt>
File: C:/Users/USER/Documents/econometria/tarea1/plot//Pregunta_6/6_a_b.jpg Gra
phic file (type jpg)
<use C:/Users/USER/Documents/econometria/tarea1/plot//Pregunta_6/6_a_b.jpg>
Package pdftex.def Info: C:/Users/USER/Documents/econometria/tarea1/plot//Pregu
nta_6/6_a_b.jpg  used on input line 134.
(pdftex.def)             Requested size: 309.60385pt x 263.78406pt.


[6 <C:/Users/USER/Documents/econometria/tarea1/plot//Pregunta_5/5_a.jpg> <C:/Us
ers/USER/Documents/econometria/tarea1/plot//Pregunta_6/6_a_b.jpg>]
<C:/Users/USER/Documents/econometria/tarea1/plot//Pregunta_6/6_c_d.png, id=38, 
645.91313pt x 480.29437pt>
File: C:/Users/USER/Documents/econometria/tarea1/plot//Pregunta_6/6_c_d.png Gra
phic file (type png)
<use C:/Users/USER/Documents/econometria/tarea1/plot//Pregunta_6/6_c_d.png>
Package pdftex.def Info: C:/Users/USER/Documents/econometria/tarea1/plot//Pregu
nta_6/6_c_d.png  used on input line 139.
(pdftex.def)             Requested size: 430.00462pt x 319.74352pt.
<C:/Users/USER/Documents/econometria/tarea1/plot//Pregunta_7/7_a.png, id=40, 64
1.39626pt x 376.40625pt>
File: C:/Users/USER/Documents/econometria/tarea1/plot//Pregunta_7/7_a.png Graph
ic file (type png)
<use C:/Users/USER/Documents/econometria/tarea1/plot//Pregunta_7/7_a.png>
Package pdftex.def Info: C:/Users/USER/Documents/econometria/tarea1/plot//Pregu
nta_7/7_a.png  used on input line 149.
(pdftex.def)             Requested size: 430.00462pt x 252.35742pt.


[7 <C:/Users/USER/Documents/econometria/tarea1/plot//Pregunta_6/6_c_d.png>]
<C:/Users/USER/Documents/econometria/tarea1/plot//Pregunta_7/7_b_c.png, id=46, 
728.7225pt x 1053.1847pt>
File: C:/Users/USER/Documents/econometria/tarea1/plot//Pregunta_7/7_b_c.png Gra
phic file (type png)
<use C:/Users/USER/Documents/econometria/tarea1/plot//Pregunta_7/7_b_c.png>
Package pdftex.def Info: C:/Users/USER/Documents/econometria/tarea1/plot//Pregu
nta_7/7_b_c.png  used on input line 154.
(pdftex.def)             Requested size: 430.00462pt x 621.45395pt.


[8 <C:/Users/USER/Documents/econometria/tarea1/plot//Pregunta_7/7_a.png>]
Overfull \vbox (64.97739pt too high) has occurred while \output is active []



[9 <C:/Users/USER/Documents/econometria/tarea1/plot//Pregunta_7/7_b_c.png>]
<C:/Users/USER/Documents/econometria/tarea1/plot//Pregunta_7/7_d.png, id=55, 79
1.20593pt x 791.20593pt>
File: C:/Users/USER/Documents/econometria/tarea1/plot//Pregunta_7/7_d.png Graph
ic file (type png)
<use C:/Users/USER/Documents/econometria/tarea1/plot//Pregunta_7/7_d.png>
Package pdftex.def Info: C:/Users/USER/Documents/econometria/tarea1/plot//Pregu
nta_7/7_d.png  used on input line 158.
(pdftex.def)             Requested size: 490.205pt x 490.20457pt.

Overfull \hbox (60.20038pt too wide) in paragraph at lines 158--159
[][] 
 []



[10 <C:/Users/USER/Documents/econometria/tarea1/plot//Pregunta_7/7_d.png>]
<C:/Users/USER/Documents/econometria/tarea1/plot//pregunta_8/8_a.png, id=60, 53
3.71394pt x 589.0005pt>
File: C:/Users/USER/Documents/econometria/tarea1/plot//pregunta_8/8_a.png Graph
ic file (type png)
<use C:/Users/USER/Documents/econometria/tarea1/plot//pregunta_8/8_a.png>
Package pdftex.def Info: C:/Users/USER/Documents/econometria/tarea1/plot//pregu
nta_8/8_a.png  used on input line 168.
(pdftex.def)             Requested size: 430.00462pt x 474.56233pt.
<C:/Users/USER/Documents/econometria/tarea1/plot//pregunta_8/8_b.png, id=61, 51
7.09184pt x 574.18515pt>
File: C:/Users/USER/Documents/econometria/tarea1/plot//pregunta_8/8_b.png Graph
ic file (type png)
<use C:/Users/USER/Documents/econometria/tarea1/plot//pregunta_8/8_b.png>
Package pdftex.def Info: C:/Users/USER/Documents/econometria/tarea1/plot//pregu
nta_8/8_b.png  used on input line 172.
(pdftex.def)             Requested size: 473.0077pt x 525.26036pt.

Overfull \hbox (43.00308pt too wide) in paragraph at lines 172--173
[][] 
 []



[11 <C:/Users/USER/Documents/econometria/tarea1/plot//pregunta_8/8_a.png>]
<C:/Users/USER/Documents/econometria/tarea1/plot//pregunta_8/8_c.png, id=66, 53
6.2434pt x 577.79865pt>
File: C:/Users/USER/Documents/econometria/tarea1/plot//pregunta_8/8_c.png Graph
ic file (type png)
<use C:/Users/USER/Documents/econometria/tarea1/plot//pregunta_8/8_c.png>
Package pdftex.def Info: C:/Users/USER/Documents/econometria/tarea1/plot//pregu
nta_8/8_c.png  used on input line 176.
(pdftex.def)             Requested size: 473.0077pt x 509.68105pt.

Overfull \hbox (43.00308pt too wide) in paragraph at lines 176--177
[][] 
 []



[12 <C:/Users/USER/Documents/econometria/tarea1/plot//pregunta_8/8_b.png>]
<C:/Users/USER/Documents/econometria/tarea1/plot//pregunta_8/8_d.png, id=71, 50
8.7808pt x 573.1011pt>
File: C:/Users/USER/Documents/econometria/tarea1/plot//pregunta_8/8_d.png Graph
ic file (type png)
<use C:/Users/USER/Documents/econometria/tarea1/plot//pregunta_8/8_d.png>
Package pdftex.def Info: C:/Users/USER/Documents/econometria/tarea1/plot//pregu
nta_8/8_d.png  used on input line 180.
(pdftex.def)             Requested size: 430.00462pt x 484.39236pt.


[13 <C:/Users/USER/Documents/econometria/tarea1/plot//pregunta_8/8_c.png>]

[14 <C:/Users/USER/Documents/econometria/tarea1/plot//pregunta_8/8_d.png>]
<C:/Users/USER/Documents/econometria/tarea1/plot//pregunta_9/9_a.png, id=81, 52
7.571pt x 562.2606pt>
File: C:/Users/USER/Documents/econometria/tarea1/plot//pregunta_9/9_a.png Graph
ic file (type png)
<use C:/Users/USER/Documents/econometria/tarea1/plot//pregunta_9/9_a.png>
Package pdftex.def Info: C:/Users/USER/Documents/econometria/tarea1/plot//pregu
nta_9/9_a.png  used on input line 190.
(pdftex.def)             Requested size: 455.80385pt x 485.77391pt.

Overfull \hbox (25.79922pt too wide) in paragraph at lines 190--191
[][] 
 []

<C:/Users/USER/Documents/econometria/tarea1/plot//pregunta_9/9_b.png, id=82, 52
0.70535pt x 508.7808pt>
File: C:/Users/USER/Documents/econometria/tarea1/plot//pregunta_9/9_b.png Graph
ic file (type png)
<use C:/Users/USER/Documents/econometria/tarea1/plot//pregunta_9/9_b.png>
Package pdftex.def Info: C:/Users/USER/Documents/econometria/tarea1/plot//pregu
nta_9/9_b.png  used on input line 194.
(pdftex.def)             Requested size: 494.50269pt x 483.19151pt.

Overfull \hbox (64.49806pt too wide) in paragraph at lines 194--195
[][] 
 []



[15 <C:/Users/USER/Documents/econometria/tarea1/plot//pregunta_9/9_a.png>]

[16 <C:/Users/USER/Documents/econometria/tarea1/plot//pregunta_9/9_b.png>]
<C:/Users/USER/Documents/econometria/tarea1/plot//pregunta_10/10_a.png, id=91, 
513.8397pt x 660.18645pt>
File: C:/Users/USER/Documents/econometria/tarea1/plot//pregunta_10/10_a.png Gra
phic file (type png)
<use C:/Users/USER/Documents/econometria/tarea1/plot//pregunta_10/10_a.png>
Package pdftex.def Info: C:/Users/USER/Documents/econometria/tarea1/plot//pregu
nta_10/10_a.png  used on input line 204.
(pdftex.def)             Requested size: 369.80423pt x 475.14247pt.
<C:/Users/USER/Documents/econometria/tarea1/plot//pregunta_10/10_b.png, id=92, 
519.6213pt x 583.2189pt>
File: C:/Users/USER/Documents/econometria/tarea1/plot//pregunta_10/10_b.png Gra
phic file (type png)
<use C:/Users/USER/Documents/econometria/tarea1/plot//pregunta_10/10_b.png>
Package pdftex.def Info: C:/Users/USER/Documents/econometria/tarea1/plot//pregu
nta_10/10_b.png  used on input line 208.
(pdftex.def)             Requested size: 421.40268pt x 473.00098pt.


[17 <C:/Users/USER/Documents/econometria/tarea1/plot//pregunta_10/10_a.png>]

[18 <C:/Users/USER/Documents/econometria/tarea1/plot//pregunta_10/10_b.png>]
(Tarea_1_Grupo_5.aux
LaTeX Info: Redefining \. on input line 9.
LaTeX Info: Redefining \% on input line 9.
)
 ***********
LaTeX2e <2024-11-01> patch level 1
L3 programming layer <2024-11-02>
 ***********
 ) 
Here is how much of TeX's memory you used:
 8442 strings out of 473650
 146520 string characters out of 5718416
 546421 words of memory out of 5000000
 31423 multiletter control sequences out of 15000+600000
 563764 words of font info for 56 fonts, out of 8000000 for 9000
 1141 hyphenation exceptions out of 8191
 95i,7n,93p,281b,401s stack positions out of 10000i,1000n,20000p,200000b,200000s
<C:/Users/USER/AppData/Local/Programs/MiKTeX/fonts/type1/public/amsfonts/cm/c
mbx10.pfb><C:/Users/USER/AppData/Local/Programs/MiKTeX/fonts/type1/public/amsfo
nts/cm/cmbx12.pfb><C:/Users/USER/AppData/Local/Programs/MiKTeX/fonts/type1/publ
ic/amsfonts/cm/cmex10.pfb><C:/Users/USER/AppData/Local/Programs/MiKTeX/fonts/ty
pe1/public/amsfonts/cm/cmmi10.pfb><C:/Users/USER/AppData/Local/Programs/MiKTeX/
fonts/type1/public/amsfonts/cm/cmmi7.pfb><C:/Users/USER/AppData/Local/Programs/
MiKTeX/fonts/type1/public/amsfonts/cm/cmr10.pfb><C:/Users/USER/AppData/Local/Pr
ograms/MiKTeX/fonts/type1/public/amsfonts/cm/cmr12.pfb><C:/Users/USER/AppData/L
ocal/Programs/MiKTeX/fonts/type1/public/amsfonts/cm/cmr17.pfb><C:/Users/USER/Ap
pData/Local/Programs/MiKTeX/fonts/type1/public/amsfonts/cm/cmr5.pfb><C:/Users/U
SER/AppData/Local/Programs/MiKTeX/fonts/type1/public/amsfonts/cm/cmr7.pfb><C:/U
sers/USER/AppData/Local/Programs/MiKTeX/fonts/type1/public/amsfonts/cm/cmsy10.p
fb><C:/Users/USER/AppData/Local/Programs/MiKTeX/fonts/type1/public/amsfonts/cm/
cmsy7.pfb>
Output written on Tarea_1_Grupo_5.pdf (18 pages, 11290420 bytes).
PDF statistics:
 151 PDF objects out of 1000 (max. 8388607)
 0 named destinations out of 1000 (max. 500000)
 91 words of extra memory for PDF output out of 10000 (max. 10000000)

